<?xml version="1.0" encoding="UTF-8"?>
<!-- Generated by org.testng.reporters.JUnitReportReporter -->
<testsuite hostname="Megha-PC" name="mercuryUI.MercuryUITest" tests="2" failures="0" timestamp="3 Jul 2018 08:13:31 GMT" time="58.994" errors="0">
  <testcase name="MercuryTours_RegisterUser" time="33.535" classname="mercuryUI.MercuryUITest"/>
  <testcase name="MercuryTours_VerifyTicketBooking" time="25.459" classname="mercuryUI.MercuryUITest"/>
</testsuite> <!-- mercuryUI.MercuryUITest -->
