<?xml version="1.0" encoding="UTF-8"?>
<!-- Generated by org.testng.reporters.JUnitReportReporter -->
<testsuite hostname="Megha-PC" name="mercuryUI.MercuryUITest" tests="2" failures="0" timestamp="3 Jul 2018 05:06:52 GMT" time="48.364" errors="0">
  <testcase name="MercuryTours_VerifyTicketBooking" time="19.528" classname="mercuryUI.MercuryUITest"/>
  <testcase name="MercuryTours_RegisterUser" time="28.836" classname="mercuryUI.MercuryUITest"/>
</testsuite> <!-- mercuryUI.MercuryUITest -->
